0 info it worked if it ends with ok
1 verbose cli [ 'C:\\Program Files\\nodejs\\node.exe',
1 verbose cli   'C:\\Program Files\\nodejs\\node_modules\\npm\\bin\\npm-cli.js',
1 verbose cli   'run',
1 verbose cli   'dev' ]
2 info using npm@3.10.8
3 info using node@v6.9.1
4 verbose run-script [ 'predev', 'dev', 'postdev' ]
5 info lifecycle Angular-two-webpack@0.1.0~predev: Angular-two-webpack@0.1.0
6 silly lifecycle Angular-two-webpack@0.1.0~predev: no script for predev, continuing
7 info lifecycle Angular-two-webpack@0.1.0~dev: Angular-two-webpack@0.1.0
8 verbose lifecycle Angular-two-webpack@0.1.0~dev: unsafe-perm in lifecycle true
9 verbose lifecycle Angular-two-webpack@0.1.0~dev: PATH: C:\Program Files\nodejs\node_modules\npm\bin\node-gyp-bin;F:\Angular2-starter-pack\node_modules\.bin;C:\ProgramData\Oracle\Java\javapath;C:\WINDOWS\system32;C:\WINDOWS;C:\WINDOWS\System32\Wbem;C:\WINDOWS\System32\WindowsPowerShell\v1.0\;C:\Program Files (x86)\ATI Technologies\ATI.ACE\Core-Static;C:\Program Files\nodejs\;C:\Program Files\Microsoft SQL Server\120\Tools\Binn\;C:\Program Files\Microsoft SQL Server\130\Tools\Binn\;C:\Program Files\dotnet\;C:\Program Files\Microsoft DNX\Dnvm\;C:\Program Files\Git\cmd;C:\Program Files (x86)\Microsoft SQL Server\100\Tools\Binn\;C:\Program Files\Microsoft SQL Server\100\Tools\Binn\;C:\Program Files\Microsoft SQL Server\100\DTS\Binn\;C:\Program Files (x86)\Microsoft SQL Server\100\Tools\Binn\VSShell\Common7\IDE\;C:\Program Files (x86)\Microsoft SQL Server\100\DTS\Binn\;C:\Program Files (x86)\Common Files\lenovo\easyplussdk\bin;C:\Program Files (x86)\Skype\Phone\;C:\Users\dotne\AppData\Roaming\npm;C:\Program Files (x86)\Microsoft VS Code\bin;C:\Users\dotne\AppData\Local\Microsoft\WindowsApps;C:\Users\dotne\AppData\Local\atom\bin
10 verbose lifecycle Angular-two-webpack@0.1.0~dev: CWD: F:\Angular2-starter-pack
11 silly lifecycle Angular-two-webpack@0.1.0~dev: Args: [ '/d /s /c',
11 silly lifecycle   'npm start & webpack-dev-server --progress --colors' ]
12 silly lifecycle Angular-two-webpack@0.1.0~dev: Returned: code: 1  signal: null
13 info lifecycle Angular-two-webpack@0.1.0~dev: Failed to exec dev script
14 verbose stack Error: Angular-two-webpack@0.1.0 dev: `npm start & webpack-dev-server --progress --colors`
14 verbose stack Exit status 1
14 verbose stack     at EventEmitter.<anonymous> (C:\Program Files\nodejs\node_modules\npm\lib\utils\lifecycle.js:255:16)
14 verbose stack     at emitTwo (events.js:106:13)
14 verbose stack     at EventEmitter.emit (events.js:191:7)
14 verbose stack     at ChildProcess.<anonymous> (C:\Program Files\nodejs\node_modules\npm\lib\utils\spawn.js:40:14)
14 verbose stack     at emitTwo (events.js:106:13)
14 verbose stack     at ChildProcess.emit (events.js:191:7)
14 verbose stack     at maybeClose (internal/child_process.js:877:16)
14 verbose stack     at Process.ChildProcess._handle.onexit (internal/child_process.js:226:5)
15 verbose pkgid Angular-two-webpack@0.1.0
16 verbose cwd F:\Angular2-starter-pack\src
17 error Windows_NT 10.0.14393
18 error argv "C:\\Program Files\\nodejs\\node.exe" "C:\\Program Files\\nodejs\\node_modules\\npm\\bin\\npm-cli.js" "run" "dev"
19 error node v6.9.1
20 error npm  v3.10.8
21 error code ELIFECYCLE
22 error Angular-two-webpack@0.1.0 dev: `npm start & webpack-dev-server --progress --colors`
22 error Exit status 1
23 error Failed at the Angular-two-webpack@0.1.0 dev script 'npm start & webpack-dev-server --progress --colors'.
23 error Make sure you have the latest version of node.js and npm installed.
23 error If you do, this is most likely a problem with the Angular-two-webpack package,
23 error not with npm itself.
23 error Tell the author that this fails on your system:
23 error     npm start & webpack-dev-server --progress --colors
23 error You can get information on how to open an issue for this project with:
23 error     npm bugs Angular-two-webpack
23 error Or if that isn't available, you can get their info via:
23 error     npm owner ls Angular-two-webpack
23 error There is likely additional logging output above.
24 verbose exit [ 1, true ]
